<?xml version="1.0" encoding="UTF-8"?>
<testng-results skipped="0" failed="0" ignored="0" total="1" passed="1">
  <reporter-output>
  </reporter-output>
  <suite name="Default suite" duration-ms="14732" started-at="2020-11-08T08:05:13Z" finished-at="2020-11-08T08:05:28Z">
    <groups>
    </groups>
    <test name="Default test" duration-ms="14732" started-at="2020-11-08T08:05:13Z" finished-at="2020-11-08T08:05:28Z">
      <class name="com.acti.testcases.TC02_CreateCustomer">
        <test-method status="PASS" signature="preCondition()[pri:0, instance:com.acti.testcases.TC02_CreateCustomer@146ba0ac]" name="preCondition" is-config="true" duration-ms="8754" started-at="2020-11-08T08:05:13Z" finished-at="2020-11-08T08:05:22Z">
          <reporter-output>
          </reporter-output>
        </test-method> <!-- preCondition -->
        <test-method status="PASS" signature="testCreateCustomer()[pri:0, instance:com.acti.testcases.TC02_CreateCustomer@146ba0ac]" name="testCreateCustomer" duration-ms="5194" started-at="2020-11-08T08:05:22Z" finished-at="2020-11-08T08:05:27Z">
          <reporter-output>
          </reporter-output>
        </test-method> <!-- testCreateCustomer -->
        <test-method status="PASS" signature="postCondition()[pri:0, instance:com.acti.testcases.TC02_CreateCustomer@146ba0ac]" name="postCondition" is-config="true" duration-ms="736" started-at="2020-11-08T08:05:27Z" finished-at="2020-11-08T08:05:28Z">
          <reporter-output>
          </reporter-output>
        </test-method> <!-- postCondition -->
      </class> <!-- com.acti.testcases.TC02_CreateCustomer -->
    </test> <!-- Default test -->
  </suite> <!-- Default suite -->
</testng-results>
